mode: set
github.com/hiddeco/cronjobber/controllers/tzcronjob_controller.go:82.101,89.16 4 0
github.com/hiddeco/cronjobber/controllers/tzcronjob_controller.go:93.2,94.16 2 0
github.com/hiddeco/cronjobber/controllers/tzcronjob_controller.go:97.2,103.9 5 0
github.com/hiddeco/cronjobber/controllers/tzcronjob_controller.go:113.2,117.138 4 0
github.com/hiddeco/cronjobber/controllers/tzcronjob_controller.go:121.2,125.16 3 0
github.com/hiddeco/cronjobber/controllers/tzcronjob_controller.go:137.2,137.66 1 0
github.com/hiddeco/cronjobber/controllers/tzcronjob_controller.go:142.2,142.18 1 0
github.com/hiddeco/cronjobber/controllers/tzcronjob_controller.go:149.2,150.25 2 0
github.com/hiddeco/cronjobber/controllers/tzcronjob_controller.go:158.2,159.27 2 0
github.com/hiddeco/cronjobber/controllers/tzcronjob_controller.go:89.16,91.3 1 0
github.com/hiddeco/cronjobber/controllers/tzcronjob_controller.go:94.16,96.3 1 0
github.com/hiddeco/cronjobber/controllers/tzcronjob_controller.go:104.30,107.28 2 0
github.com/hiddeco/cronjobber/controllers/tzcronjob_controller.go:108.18,111.28 2 0
github.com/hiddeco/cronjobber/controllers/tzcronjob_controller.go:117.138,120.3 2 0
github.com/hiddeco/cronjobber/controllers/tzcronjob_controller.go:125.16,127.19 2 0
github.com/hiddeco/cronjobber/controllers/tzcronjob_controller.go:134.3,134.28 1 0
github.com/hiddeco/cronjobber/controllers/tzcronjob_controller.go:127.19,128.62 1 0
github.com/hiddeco/cronjobber/controllers/tzcronjob_controller.go:128.62,131.5 2 0
github.com/hiddeco/cronjobber/controllers/tzcronjob_controller.go:137.66,139.3 1 0
github.com/hiddeco/cronjobber/controllers/tzcronjob_controller.go:142.18,144.61 2 0
github.com/hiddeco/cronjobber/controllers/tzcronjob_controller.go:144.61,147.4 2 0
github.com/hiddeco/cronjobber/controllers/tzcronjob_controller.go:150.25,156.3 2 0
github.com/hiddeco/cronjobber/controllers/tzcronjob_controller.go:163.72,166.132 1 0
github.com/hiddeco/cronjobber/controllers/tzcronjob_controller.go:184.2,188.14 1 0
github.com/hiddeco/cronjobber/controllers/tzcronjob_controller.go:166.132,171.19 3 0
github.com/hiddeco/cronjobber/controllers/tzcronjob_controller.go:175.3,175.64 1 0
github.com/hiddeco/cronjobber/controllers/tzcronjob_controller.go:180.3,180.30 1 0
github.com/hiddeco/cronjobber/controllers/tzcronjob_controller.go:171.19,173.4 1 0
github.com/hiddeco/cronjobber/controllers/tzcronjob_controller.go:175.64,177.4 1 0
github.com/hiddeco/cronjobber/controllers/tzcronjob_controller.go:181.17,183.3 1 0
github.com/hiddeco/cronjobber/controllers/tzcronjob_controller.go:194.104,200.16 5 0
github.com/hiddeco/cronjobber/controllers/tzcronjob_controller.go:205.2,206.31 2 0
github.com/hiddeco/cronjobber/controllers/tzcronjob_controller.go:248.2,248.42 1 0
github.com/hiddeco/cronjobber/controllers/tzcronjob_controller.go:271.2,271.38 1 0
github.com/hiddeco/cronjobber/controllers/tzcronjob_controller.go:278.2,278.58 1 0
github.com/hiddeco/cronjobber/controllers/tzcronjob_controller.go:283.2,284.16 2 0
github.com/hiddeco/cronjobber/controllers/tzcronjob_controller.go:291.2,292.16 2 0
github.com/hiddeco/cronjobber/controllers/tzcronjob_controller.go:298.2,298.26 1 0
github.com/hiddeco/cronjobber/controllers/tzcronjob_controller.go:308.2,309.49 2 0
github.com/hiddeco/cronjobber/controllers/tzcronjob_controller.go:312.2,312.13 1 0
github.com/hiddeco/cronjobber/controllers/tzcronjob_controller.go:325.2,329.107 1 0
github.com/hiddeco/cronjobber/controllers/tzcronjob_controller.go:334.2,334.98 1 0
github.com/hiddeco/cronjobber/controllers/tzcronjob_controller.go:349.2,349.65 1 0
github.com/hiddeco/cronjobber/controllers/tzcronjob_controller.go:363.2,364.16 2 0
github.com/hiddeco/cronjobber/controllers/tzcronjob_controller.go:368.2,369.9 2 0
github.com/hiddeco/cronjobber/controllers/tzcronjob_controller.go:381.2,394.16 3 0
github.com/hiddeco/cronjobber/controllers/tzcronjob_controller.go:398.2,403.38 5 0
github.com/hiddeco/cronjobber/controllers/tzcronjob_controller.go:200.16,203.3 2 0
github.com/hiddeco/cronjobber/controllers/tzcronjob_controller.go:206.31,210.35 3 0
github.com/hiddeco/cronjobber/controllers/tzcronjob_controller.go:210.35,213.18 3 0
github.com/hiddeco/cronjobber/controllers/tzcronjob_controller.go:217.4,217.46 1 0
github.com/hiddeco/cronjobber/controllers/tzcronjob_controller.go:222.4,222.91 1 0
github.com/hiddeco/cronjobber/controllers/tzcronjob_controller.go:213.18,216.5 2 0
github.com/hiddeco/cronjobber/controllers/tzcronjob_controller.go:217.46,220.13 3 0
github.com/hiddeco/cronjobber/controllers/tzcronjob_controller.go:227.9,227.40 1 0
github.com/hiddeco/cronjobber/controllers/tzcronjob_controller.go:227.40,232.4 4 0
github.com/hiddeco/cronjobber/controllers/tzcronjob_controller.go:232.9,232.31 1 0
github.com/hiddeco/cronjobber/controllers/tzcronjob_controller.go:232.31,235.48 2 0
github.com/hiddeco/cronjobber/controllers/tzcronjob_controller.go:239.4,239.111 1 0
github.com/hiddeco/cronjobber/controllers/tzcronjob_controller.go:235.48,238.5 2 0
github.com/hiddeco/cronjobber/controllers/tzcronjob_controller.go:239.111,242.5 2 0
github.com/hiddeco/cronjobber/controllers/tzcronjob_controller.go:248.42,250.12 2 0
github.com/hiddeco/cronjobber/controllers/tzcronjob_controller.go:257.3,258.10 2 0
github.com/hiddeco/cronjobber/controllers/tzcronjob_controller.go:250.12,252.12 2 0
github.com/hiddeco/cronjobber/controllers/tzcronjob_controller.go:259.31,264.23 3 0
github.com/hiddeco/cronjobber/controllers/tzcronjob_controller.go:265.19,267.42 2 0
github.com/hiddeco/cronjobber/controllers/tzcronjob_controller.go:271.38,276.3 2 0
github.com/hiddeco/cronjobber/controllers/tzcronjob_controller.go:278.58,281.3 2 0
github.com/hiddeco/cronjobber/controllers/tzcronjob_controller.go:284.16,289.3 2 0
github.com/hiddeco/cronjobber/controllers/tzcronjob_controller.go:292.16,297.3 2 0
github.com/hiddeco/cronjobber/controllers/tzcronjob_controller.go:298.26,306.3 3 0
github.com/hiddeco/cronjobber/controllers/tzcronjob_controller.go:309.49,311.3 1 0
github.com/hiddeco/cronjobber/controllers/tzcronjob_controller.go:312.13,324.3 3 0
github.com/hiddeco/cronjobber/controllers/tzcronjob_controller.go:329.107,333.3 3 0
github.com/hiddeco/cronjobber/controllers/tzcronjob_controller.go:334.98,348.3 3 0
github.com/hiddeco/cronjobber/controllers/tzcronjob_controller.go:349.65,350.43 1 0
github.com/hiddeco/cronjobber/controllers/tzcronjob_controller.go:350.43,354.18 3 0
github.com/hiddeco/cronjobber/controllers/tzcronjob_controller.go:357.4,357.46 1 0
github.com/hiddeco/cronjobber/controllers/tzcronjob_controller.go:360.4,360.23 1 0
github.com/hiddeco/cronjobber/controllers/tzcronjob_controller.go:354.18,356.5 1 0
github.com/hiddeco/cronjobber/controllers/tzcronjob_controller.go:357.46,359.5 1 0
github.com/hiddeco/cronjobber/controllers/tzcronjob_controller.go:364.16,367.3 2 0
github.com/hiddeco/cronjobber/controllers/tzcronjob_controller.go:370.68,370.68 0 0
github.com/hiddeco/cronjobber/controllers/tzcronjob_controller.go:371.35,374.41 2 0
github.com/hiddeco/cronjobber/controllers/tzcronjob_controller.go:375.18,378.41 2 0
github.com/hiddeco/cronjobber/controllers/tzcronjob_controller.go:394.16,397.3 2 0
github.com/hiddeco/cronjobber/controllers/tzcronjob_controller.go:406.83,408.2 1 0
github.com/hiddeco/cronjobber/controllers/tzcronjob_controller.go:411.97,415.62 2 0
github.com/hiddeco/cronjobber/controllers/tzcronjob_controller.go:420.2,421.13 2 0
github.com/hiddeco/cronjobber/controllers/tzcronjob_controller.go:415.62,418.3 2 0
github.com/hiddeco/cronjobber/controllers/tzcronjob_controller.go:423.69,425.2 1 0
github.com/hiddeco/cronjobber/controllers/tzcronjob_controller.go:429.133,431.88 1 0
github.com/hiddeco/cronjobber/controllers/tzcronjob_controller.go:435.2,439.31 4 0
github.com/hiddeco/cronjobber/controllers/tzcronjob_controller.go:448.2,451.41 1 0
github.com/hiddeco/cronjobber/controllers/tzcronjob_controller.go:455.2,458.37 1 0
github.com/hiddeco/cronjobber/controllers/tzcronjob_controller.go:462.2,462.21 1 0
github.com/hiddeco/cronjobber/controllers/tzcronjob_controller.go:431.88,433.3 1 0
github.com/hiddeco/cronjobber/controllers/tzcronjob_controller.go:439.31,441.58 2 0
github.com/hiddeco/cronjobber/controllers/tzcronjob_controller.go:441.58,443.4 1 0
github.com/hiddeco/cronjobber/controllers/tzcronjob_controller.go:443.9,443.63 1 0
github.com/hiddeco/cronjobber/controllers/tzcronjob_controller.go:443.63,445.4 1 0
github.com/hiddeco/cronjobber/controllers/tzcronjob_controller.go:451.41,453.3 1 0
github.com/hiddeco/cronjobber/controllers/tzcronjob_controller.go:458.37,460.3 1 0
github.com/hiddeco/cronjobber/controllers/tzcronjob_controller.go:465.99,466.40 1 0
github.com/hiddeco/cronjobber/controllers/tzcronjob_controller.go:471.2,471.18 1 0
github.com/hiddeco/cronjobber/controllers/tzcronjob_controller.go:466.40,467.105 1 0
github.com/hiddeco/cronjobber/controllers/tzcronjob_controller.go:467.105,469.4 1 0
github.com/hiddeco/cronjobber/controllers/tzcronjob_controller.go:475.121,479.22 4 0
github.com/hiddeco/cronjobber/controllers/tzcronjob_controller.go:482.2,484.35 3 0
github.com/hiddeco/cronjobber/controllers/tzcronjob_controller.go:489.2,489.21 1 0
github.com/hiddeco/cronjobber/controllers/tzcronjob_controller.go:479.22,481.3 1 0
github.com/hiddeco/cronjobber/controllers/tzcronjob_controller.go:484.35,485.43 1 0
github.com/hiddeco/cronjobber/controllers/tzcronjob_controller.go:485.43,487.4 1 0
github.com/hiddeco/cronjobber/controllers/tzcronjob_controller.go:493.71,495.15 2 0
github.com/hiddeco/cronjobber/controllers/tzcronjob_controller.go:499.2,499.66 1 0
github.com/hiddeco/cronjobber/controllers/tzcronjob_controller.go:502.2,502.65 1 0
github.com/hiddeco/cronjobber/controllers/tzcronjob_controller.go:507.2,510.6 4 0
github.com/hiddeco/cronjobber/controllers/tzcronjob_controller.go:495.15,497.3 1 0
github.com/hiddeco/cronjobber/controllers/tzcronjob_controller.go:499.66,501.3 1 0
github.com/hiddeco/cronjobber/controllers/tzcronjob_controller.go:502.65,504.3 1 0
github.com/hiddeco/cronjobber/controllers/tzcronjob_controller.go:504.8,506.3 1 0
github.com/hiddeco/cronjobber/controllers/tzcronjob_controller.go:510.6,511.10 1 0
github.com/hiddeco/cronjobber/controllers/tzcronjob_controller.go:512.21,514.20 2 0
github.com/hiddeco/cronjobber/controllers/tzcronjob_controller.go:515.19,519.7 4 0
github.com/hiddeco/cronjobber/controllers/tzcronjob_controller.go:524.40,526.50 2 0
github.com/hiddeco/cronjobber/controllers/tzcronjob_controller.go:526.50,529.54 3 0
github.com/hiddeco/cronjobber/controllers/tzcronjob_controller.go:529.54,531.4 1 0
github.com/hiddeco/cronjobber/controllers/tzcronjob_controller.go:532.8,534.3 1 0
github.com/hiddeco/cronjobber/controllers/tzcronjob_controller.go:538.37,549.2 4 0
github.com/hiddeco/cronjobber/controllers/tzcronjob_controller.go:552.46,554.31 2 0
github.com/hiddeco/cronjobber/controllers/tzcronjob_controller.go:562.2,562.35 1 0
github.com/hiddeco/cronjobber/controllers/tzcronjob_controller.go:555.13,556.30 1 0
github.com/hiddeco/cronjobber/controllers/tzcronjob_controller.go:557.14,558.30 1 0
github.com/hiddeco/cronjobber/controllers/tzcronjob_controller.go:559.10,560.12 1 0
github.com/hiddeco/cronjobber/controllers/utils.go:19.73,20.40 1 0
github.com/hiddeco/cronjobber/controllers/utils.go:25.2,25.18 1 0
github.com/hiddeco/cronjobber/controllers/utils.go:20.40,21.105 1 0
github.com/hiddeco/cronjobber/controllers/utils.go:21.105,23.4 1 0
github.com/hiddeco/cronjobber/controllers/utils.go:29.41,32.2 2 0
github.com/hiddeco/cronjobber/controllers/utils.go:34.72,35.37 1 0
github.com/hiddeco/cronjobber/controllers/utils.go:40.2,40.14 1 0
github.com/hiddeco/cronjobber/controllers/utils.go:35.37,36.19 1 0
github.com/hiddeco/cronjobber/controllers/utils.go:36.19,38.4 1 0
github.com/hiddeco/cronjobber/controllers/utils.go:43.76,44.15 1 0
github.com/hiddeco/cronjobber/controllers/utils.go:49.2,50.37 2 0
github.com/hiddeco/cronjobber/controllers/utils.go:55.2,55.30 1 0
github.com/hiddeco/cronjobber/controllers/utils.go:44.15,46.3 1 0
github.com/hiddeco/cronjobber/controllers/utils.go:50.37,51.19 1 0
github.com/hiddeco/cronjobber/controllers/utils.go:51.19,53.4 1 0
github.com/hiddeco/cronjobber/controllers/utils.go:62.118,66.39 2 0
github.com/hiddeco/cronjobber/controllers/utils.go:77.2,77.44 1 0
github.com/hiddeco/cronjobber/controllers/utils.go:85.2,85.29 1 0
github.com/hiddeco/cronjobber/controllers/utils.go:89.2,91.35 2 0
github.com/hiddeco/cronjobber/controllers/utils.go:112.2,112.15 1 0
github.com/hiddeco/cronjobber/controllers/utils.go:66.39,68.3 1 0
github.com/hiddeco/cronjobber/controllers/utils.go:68.8,76.3 1 0
github.com/hiddeco/cronjobber/controllers/utils.go:77.44,81.45 2 0
github.com/hiddeco/cronjobber/controllers/utils.go:81.45,83.4 1 0
github.com/hiddeco/cronjobber/controllers/utils.go:85.29,87.3 1 0
github.com/hiddeco/cronjobber/controllers/utils.go:91.35,111.3 1 0
github.com/hiddeco/cronjobber/controllers/utils.go:120.83,123.2 2 0
github.com/hiddeco/cronjobber/controllers/utils.go:127.122,131.20 3 0
github.com/hiddeco/cronjobber/controllers/utils.go:134.2,134.20 1 0
github.com/hiddeco/cronjobber/controllers/utils.go:141.2,142.33 2 0
github.com/hiddeco/cronjobber/controllers/utils.go:145.2,148.41 4 0
github.com/hiddeco/cronjobber/controllers/utils.go:131.20,133.3 1 0
github.com/hiddeco/cronjobber/controllers/utils.go:134.20,136.3 1 0
github.com/hiddeco/cronjobber/controllers/utils.go:142.33,144.3 1 0
github.com/hiddeco/cronjobber/controllers/utils.go:153.84,154.31 1 0
github.com/hiddeco/cronjobber/controllers/utils.go:159.2,159.14 1 0
github.com/hiddeco/cronjobber/controllers/utils.go:154.31,155.57 1 0
github.com/hiddeco/cronjobber/controllers/utils.go:155.57,157.4 1 0
github.com/hiddeco/cronjobber/controllers/utils.go:163.58,165.2 1 0
github.com/hiddeco/cronjobber/controllers/utils.go:170.136,189.74 6 0
github.com/hiddeco/cronjobber/controllers/utils.go:193.2,193.17 1 0
github.com/hiddeco/cronjobber/controllers/utils.go:189.74,191.3 1 0
github.com/hiddeco/cronjobber/controllers/utils.go:195.63,197.36 2 0
github.com/hiddeco/cronjobber/controllers/utils.go:200.2,200.10 1 0
github.com/hiddeco/cronjobber/controllers/utils.go:197.36,199.3 1 0
github.com/hiddeco/cronjobber/controllers/utils.go:203.68,205.41 2 0
github.com/hiddeco/cronjobber/controllers/utils.go:208.2,208.10 1 0
github.com/hiddeco/cronjobber/controllers/utils.go:205.41,207.3 1 0
github.com/hiddeco/cronjobber/controllers/utils.go:214.44,214.61 1 0
github.com/hiddeco/cronjobber/controllers/utils.go:215.44,215.71 1 0
github.com/hiddeco/cronjobber/controllers/utils.go:217.49,218.66 1 0
github.com/hiddeco/cronjobber/controllers/utils.go:221.2,221.66 1 0
github.com/hiddeco/cronjobber/controllers/utils.go:224.2,224.56 1 0
github.com/hiddeco/cronjobber/controllers/utils.go:227.2,227.60 1 0
github.com/hiddeco/cronjobber/controllers/utils.go:218.66,220.3 1 0
github.com/hiddeco/cronjobber/controllers/utils.go:221.66,223.3 1 0
github.com/hiddeco/cronjobber/controllers/utils.go:224.56,226.3 1 0
github.com/hiddeco/cronjobber/controllers/utils.go:230.80,231.28 1 0
github.com/hiddeco/cronjobber/controllers/utils.go:235.2,236.16 2 0
github.com/hiddeco/cronjobber/controllers/utils.go:240.2,240.32 1 0
github.com/hiddeco/cronjobber/controllers/utils.go:231.28,233.3 1 0
github.com/hiddeco/cronjobber/controllers/utils.go:236.16,238.3 1 0
github.com/hiddeco/cronjobber/controllers/injection.go:45.107,47.2 1 0
github.com/hiddeco/cronjobber/controllers/injection.go:51.106,53.2 1 0
github.com/hiddeco/cronjobber/controllers/injection.go:61.107,62.64 1 0
github.com/hiddeco/cronjobber/controllers/injection.go:65.2,68.10 1 0
github.com/hiddeco/cronjobber/controllers/injection.go:62.64,64.3 1 0
github.com/hiddeco/cronjobber/controllers/injection.go:73.106,76.2 2 0
github.com/hiddeco/cronjobber/controllers/injection.go:104.78,106.2 1 0
github.com/hiddeco/cronjobber/controllers/injection.go:108.93,110.2 1 0
github.com/hiddeco/cronjobber/controllers/injection.go:112.144,114.2 1 0
github.com/hiddeco/cronjobber/controllers/injection.go:116.93,118.2 1 0
github.com/hiddeco/cronjobber/controllers/injection.go:120.72,123.2 2 0
github.com/hiddeco/cronjobber/controllers/injection.go:139.94,142.24 3 0
github.com/hiddeco/cronjobber/controllers/injection.go:145.2,147.17 3 0
github.com/hiddeco/cronjobber/controllers/injection.go:142.24,144.3 1 0
github.com/hiddeco/cronjobber/controllers/injection.go:150.79,153.18 3 0
github.com/hiddeco/cronjobber/controllers/injection.go:156.2,156.19 1 0
github.com/hiddeco/cronjobber/controllers/injection.go:153.18,155.3 1 0
github.com/hiddeco/cronjobber/controllers/injection.go:159.94,162.18 3 0
github.com/hiddeco/cronjobber/controllers/injection.go:165.2,166.17 2 0
github.com/hiddeco/cronjobber/controllers/injection.go:162.18,164.3 1 0
github.com/hiddeco/cronjobber/controllers/injection.go:169.145,172.18 3 0
github.com/hiddeco/cronjobber/controllers/injection.go:175.2,178.28 3 0
github.com/hiddeco/cronjobber/controllers/injection.go:172.18,174.3 1 0
github.com/hiddeco/cronjobber/controllers/injection.go:181.73,184.18 3 0
github.com/hiddeco/cronjobber/controllers/injection.go:187.2,188.12 2 0
github.com/hiddeco/cronjobber/controllers/injection.go:184.18,186.3 1 0
github.com/hiddeco/cronjobber/controllers/injection.go:191.34,197.2 5 0
